2018-11-05 11:19:40: /usr/local/blog/server/services
2018-11-05 11:19:41: App listening on port 4001
2018-11-05 11:19:47: ---------------  <-- POST /blog/query
2018-11-05 11:19:47: ---------------  --> POST /blog/query 200 7ms 74b
2018-11-05 11:19:48: ---------------  <-- POST /blog/details
2018-11-05 11:19:48: ---------------  --> POST /blog/details 200 3ms 153b
2018-11-05 11:19:52: ---------------  <-- POST /blog/update
2018-11-05 11:19:53: ---------------  --> POST /blog/update 200 662ms 45b
2018-11-05 11:19:53: ---------------  <-- POST /blog/query
2018-11-05 11:19:53: ---------------  --> POST /blog/query 200 1ms 74b
2018-11-05 11:20:01: ---------------  <-- POST /blog/details
2018-11-05 11:20:01: ---------------  --> POST /blog/details 200 1ms 153b
2018-11-05 11:20:05: ---------------  <-- POST /blog/update
2018-11-05 11:20:05: ---------------  --> POST /blog/update 200 498ms 45b
2018-11-05 11:20:05: ---------------  <-- POST /blog/query
2018-11-05 11:20:05: ---------------  --> POST /blog/query 200 10ms 74b
2018-11-05 11:20:23: ---------------  <-- POST /blog/add
2018-11-05 11:20:23: ---------------  --> POST /blog/add 200 505ms 45b
2018-11-05 11:20:24: ---------------  <-- POST /blog/query
2018-11-05 11:20:24: ---------------  --> POST /blog/query 200 1ms 90b
2018-11-05 11:20:33: ---------------  <-- POST /blog/details
2018-11-05 11:20:33: ---------------  --> POST /blog/details 200 1ms 162b
2018-11-05 11:20:36: ---------------  <-- POST /blog/details
2018-11-05 11:20:36: ---------------  --> POST /blog/details 200 1ms 162b
2018-11-05 11:20:40: ---------------  <-- POST /blog/update
2018-11-05 11:20:40: ---------------  --> POST /blog/update 200 486ms 45b
2018-11-05 11:20:41: ---------------  <-- POST /blog/query
2018-11-05 11:20:41: ---------------  --> POST /blog/query 200 2ms 90b
2018-11-05 11:20:55: ---------------  <-- POST /blog/query
2018-11-05 11:20:55: ---------------  --> POST /blog/query 200 1ms 90b
2018-11-05 11:20:58: ---------------  <-- POST /blog/delete
2018-11-05 11:20:58: ---------------  --> POST /blog/delete 200 477ms 45b
2018-11-05 11:20:58: ---------------  <-- POST /blog/query
2018-11-05 11:20:58: ---------------  --> POST /blog/query 200 1ms 74b
2018-11-05 11:21:00: ---------------  <-- POST /blog/query
2018-11-05 11:21:00: ---------------  --> POST /blog/query 200 1ms 74b
2018-11-05 11:21:04: ---------------  <-- POST /blog/details
2018-11-05 11:21:04: ---------------  --> POST /blog/details 200 1ms 162b
2018-11-05 11:21:25: ---------------  <-- POST /blog/details
2018-11-05 11:21:25: ---------------  --> POST /blog/details 200 1ms 162b
2018-11-05 11:25:13: /usr/local/blog/server/services
2018-11-05 11:25:13: App listening on port 4001
2018-11-05 11:25:15: ---------------  <-- POST /blog/update
2018-11-05 11:25:15: shell: pm2 reload hexo
2018-11-05 11:25:17: /usr/local/blog/server/services
2018-11-05 11:25:17: App listening on port 4001
2018-11-05 11:27:12: /usr/local/blog/server/services
2018-11-05 11:27:12: App listening on port 4001
2018-11-05 11:27:17: ---------------  <-- POST /blog/update
2018-11-05 11:27:18: shell: pm2 reload hexo
2018-11-05 11:27:18: ---------------  --> POST /blog/update 200 593ms 45b
2018-11-05 11:27:18: ---------------  <-- POST /blog/query
2018-11-05 11:27:18: ---------------  --> POST /blog/query 200 1ms 74b
